[2020-07-03 20:57:33.173] [exthost] [info] extension host started
[2020-07-03 20:57:33.274] [exthost] [info] ExtensionService#_doActivateExtension vscode.debug-auto-launch {"startup":true,"extensionId":{"value":"vscode.debug-auto-launch","_lower":"vscode.debug-auto-launch"},"activationEvent":"*"}
[2020-07-03 20:57:33.275] [exthost] [info] ExtensionService#loadCommonJSModule file:///snap/code/35/usr/share/code/resources/app/extensions/debug-auto-launch/dist/extension
[2020-07-03 20:57:33.284] [exthost] [info] ExtensionService#_doActivateExtension vscode.emmet {"startup":true,"extensionId":{"value":"vscode.emmet","_lower":"vscode.emmet"},"activationEvent":"*"}
[2020-07-03 20:57:33.284] [exthost] [info] ExtensionService#loadCommonJSModule file:///snap/code/35/usr/share/code/resources/app/extensions/emmet/dist/extension
[2020-07-03 20:57:33.324] [exthost] [info] ExtensionService#_doActivateExtension vscode.git {"startup":true,"extensionId":{"value":"vscode.github","_lower":"vscode.github"},"activationEvent":"*"}
[2020-07-03 20:57:33.325] [exthost] [info] ExtensionService#loadCommonJSModule file:///snap/code/35/usr/share/code/resources/app/extensions/git/dist/main
[2020-07-03 20:57:33.400] [exthost] [info] ExtensionService#_doActivateExtension vscode.github-authentication {"startup":true,"extensionId":{"value":"vscode.github-authentication","_lower":"vscode.github-authentication"},"activationEvent":"*"}
[2020-07-03 20:57:33.400] [exthost] [info] ExtensionService#loadCommonJSModule file:///snap/code/35/usr/share/code/resources/app/extensions/github-authentication/dist/extension.js
[2020-07-03 20:57:33.421] [exthost] [info] ExtensionService#_doActivateExtension vscode.merge-conflict {"startup":true,"extensionId":{"value":"vscode.merge-conflict","_lower":"vscode.merge-conflict"},"activationEvent":"*"}
[2020-07-03 20:57:33.421] [exthost] [info] ExtensionService#loadCommonJSModule file:///snap/code/35/usr/share/code/resources/app/extensions/merge-conflict/dist/extension
[2020-07-03 20:57:33.428] [exthost] [info] ExtensionService#_doActivateExtension vscode.microsoft-authentication {"startup":true,"extensionId":{"value":"vscode.microsoft-authentication","_lower":"vscode.microsoft-authentication"},"activationEvent":"*"}
[2020-07-03 20:57:33.428] [exthost] [info] ExtensionService#loadCommonJSModule file:///snap/code/35/usr/share/code/resources/app/extensions/microsoft-authentication/dist/extension.js
[2020-07-03 20:57:33.445] [exthost] [info] ExtensionService#_doActivateExtension vscode.search-result {"startup":true,"extensionId":{"value":"vscode.search-result","_lower":"vscode.search-result"},"activationEvent":"*"}
[2020-07-03 20:57:33.445] [exthost] [info] ExtensionService#loadCommonJSModule file:///snap/code/35/usr/share/code/resources/app/extensions/search-result/dist/extension.js
[2020-07-03 20:57:33.530] [exthost] [info] ExtensionService#_doActivateExtension vscode.github {"startup":true,"extensionId":{"value":"vscode.github","_lower":"vscode.github"},"activationEvent":"*"}
[2020-07-03 20:57:33.530] [exthost] [info] ExtensionService#loadCommonJSModule file:///snap/code/35/usr/share/code/resources/app/extensions/github/dist/extension.js
[2020-07-03 20:57:33.615] [exthost] [info] eager extensions activated
[2020-07-03 20:58:11.294] [exthost] [info] extension host started
[2020-07-03 20:58:11.412] [exthost] [info] ExtensionService#_doActivateExtension vscode.debug-auto-launch {"startup":true,"extensionId":{"value":"vscode.debug-auto-launch","_lower":"vscode.debug-auto-launch"},"activationEvent":"*"}
[2020-07-03 20:58:11.412] [exthost] [info] ExtensionService#loadCommonJSModule file:///snap/code/35/usr/share/code/resources/app/extensions/debug-auto-launch/dist/extension
[2020-07-03 20:58:11.425] [exthost] [info] ExtensionService#_doActivateExtension vscode.emmet {"startup":true,"extensionId":{"value":"vscode.emmet","_lower":"vscode.emmet"},"activationEvent":"*"}
[2020-07-03 20:58:11.425] [exthost] [info] ExtensionService#loadCommonJSModule file:///snap/code/35/usr/share/code/resources/app/extensions/emmet/dist/extension
[2020-07-03 20:58:11.448] [exthost] [info] ExtensionService#_doActivateExtension vscode.git {"startup":true,"extensionId":{"value":"vscode.github","_lower":"vscode.github"},"activationEvent":"*"}
[2020-07-03 20:58:11.448] [exthost] [info] ExtensionService#loadCommonJSModule file:///snap/code/35/usr/share/code/resources/app/extensions/git/dist/main
[2020-07-03 20:58:11.480] [exthost] [info] ExtensionService#_doActivateExtension vscode.github-authentication {"startup":true,"extensionId":{"value":"vscode.github-authentication","_lower":"vscode.github-authentication"},"activationEvent":"*"}
[2020-07-03 20:58:11.480] [exthost] [info] ExtensionService#loadCommonJSModule file:///snap/code/35/usr/share/code/resources/app/extensions/github-authentication/dist/extension.js
[2020-07-03 20:58:11.489] [exthost] [info] ExtensionService#_doActivateExtension vscode.merge-conflict {"startup":true,"extensionId":{"value":"vscode.merge-conflict","_lower":"vscode.merge-conflict"},"activationEvent":"*"}
[2020-07-03 20:58:11.489] [exthost] [info] ExtensionService#loadCommonJSModule file:///snap/code/35/usr/share/code/resources/app/extensions/merge-conflict/dist/extension
[2020-07-03 20:58:11.494] [exthost] [info] ExtensionService#_doActivateExtension vscode.microsoft-authentication {"startup":true,"extensionId":{"value":"vscode.microsoft-authentication","_lower":"vscode.microsoft-authentication"},"activationEvent":"*"}
[2020-07-03 20:58:11.494] [exthost] [info] ExtensionService#loadCommonJSModule file:///snap/code/35/usr/share/code/resources/app/extensions/microsoft-authentication/dist/extension.js
[2020-07-03 20:58:11.501] [exthost] [info] ExtensionService#_doActivateExtension vscode.search-result {"startup":true,"extensionId":{"value":"vscode.search-result","_lower":"vscode.search-result"},"activationEvent":"*"}
[2020-07-03 20:58:11.501] [exthost] [info] ExtensionService#loadCommonJSModule file:///snap/code/35/usr/share/code/resources/app/extensions/search-result/dist/extension.js
[2020-07-03 20:58:11.505] [exthost] [info] ExtensionService#_doActivateExtension vscode.npm {"startup":true,"extensionId":{"value":"vscode.npm","_lower":"vscode.npm"},"activationEvent":"workspaceContains:package.json"}
[2020-07-03 20:58:11.505] [exthost] [info] ExtensionService#loadCommonJSModule file:///snap/code/35/usr/share/code/resources/app/extensions/npm/dist/main
[2020-07-03 20:58:11.598] [exthost] [info] ExtensionService#_doActivateExtension vscode.github {"startup":true,"extensionId":{"value":"vscode.github","_lower":"vscode.github"},"activationEvent":"*"}
[2020-07-03 20:58:11.598] [exthost] [info] ExtensionService#loadCommonJSModule file:///snap/code/35/usr/share/code/resources/app/extensions/github/dist/extension.js
[2020-07-03 20:58:11.651] [exthost] [info] eager extensions activated
[2020-07-03 20:58:12.921] [exthost] [info] ExtensionService#_doActivateExtension vscode.configuration-editing {"startup":false,"extensionId":{"value":"vscode.configuration-editing","_lower":"vscode.configuration-editing"},"activationEvent":"onLanguage:jsonc"}
[2020-07-03 20:58:12.921] [exthost] [info] ExtensionService#loadCommonJSModule file:///snap/code/35/usr/share/code/resources/app/extensions/configuration-editing/dist/extension
[2020-07-03 20:58:12.932] [exthost] [info] ExtensionService#_doActivateExtension vscode.json-language-features {"startup":false,"extensionId":{"value":"vscode.json-language-features","_lower":"vscode.json-language-features"},"activationEvent":"onLanguage:jsonc"}
[2020-07-03 20:58:12.933] [exthost] [info] ExtensionService#loadCommonJSModule file:///snap/code/35/usr/share/code/resources/app/extensions/json-language-features/client/dist/jsonMain
[2020-07-03 20:58:12.970] [exthost] [info] ExtensionService#_doActivateExtension vscode.typescript-language-features {"startup":false,"extensionId":{"value":"vscode.typescript-language-features","_lower":"vscode.typescript-language-features"},"activationEvent":"onLanguage:jsonc"}
[2020-07-03 20:58:12.970] [exthost] [info] ExtensionService#loadCommonJSModule file:///snap/code/35/usr/share/code/resources/app/extensions/typescript-language-features/dist/extension
[2020-07-03 21:12:19.243] [exthost] [info] ExtensionService#_doActivateExtension vscode.php-language-features {"startup":false,"extensionId":{"value":"vscode.php-language-features","_lower":"vscode.php-language-features"},"activationEvent":"onLanguage:php"}
[2020-07-03 21:12:19.243] [exthost] [info] ExtensionService#loadCommonJSModule file:///snap/code/35/usr/share/code/resources/app/extensions/php-language-features/dist/phpMain
[2020-07-03 21:26:23.501] [exthost] [info] ExtensionService#_doActivateExtension vscode.image-preview {"startup":false,"extensionId":{"value":"vscode.image-preview","_lower":"vscode.image-preview"},"activationEvent":"onCustomEditor:imagePreview.previewEditor"}
[2020-07-03 21:26:23.501] [exthost] [info] ExtensionService#loadCommonJSModule file:///snap/code/35/usr/share/code/resources/app/extensions/image-preview/dist/extension
